info it worked if it ends with ok
verbose cli [ 'node', '/usr/local/bin/npm', '-g', 'install', 'nodo' ]
info using npm@1.1.1
info using node@v0.6.11
verbose config file /Users/naiteluo/.npmrc
verbose config file /usr/local/etc/npmrc
verbose config file /usr/local/lib/node_modules/npm/npmrc
verbose cache add [ 'nodo', null ]
silly cache add: name, spec, args [ undefined, 'nodo', [ 'nodo', null ] ]
verbose parsed url { pathname: 'nodo', path: 'nodo', href: 'nodo' }
verbose addNamed [ 'nodo', '' ]
verbose addNamed [ null, '' ]
silly name, range, hasData [ 'nodo', '', false ]
verbose raw, before any munging nodo
verbose url resolving [ 'https://registry.npmjs.org/', './nodo' ]
verbose url resolved https://registry.npmjs.org/nodo
verbose etag "8H0NIK02M7MY44JOVYRQH85UK"
http GET https://registry.npmjs.org/nodo
http 304 https://registry.npmjs.org/nodo
silly get cb [ 304,
silly get cb   { server: 'CouchDB/1.2.0 (Erlang OTP/R15B)',
silly get cb     etag: '"8H0NIK02M7MY44JOVYRQH85UK"',
silly get cb     date: 'Mon, 28 May 2012 11:20:53 GMT',
silly get cb     'content-length': '0' } ]
verbose etag nodo from cache
silly name, range, hasData 2 [ 'nodo', '', true ]
silly versions [ 'nodo',
silly versions   [ '0.1.0',
silly versions     '0.1.1',
silly versions     '0.1.2',
silly versions     '0.1.3',
silly versions     '0.1.4',
silly versions     '0.1.6',
silly versions     '0.1.7',
silly versions     '0.1.8',
silly versions     '0.1.9' ] ]
verbose bin dist [ '0.6-ares1.7.5-DEV-evundefined-openssl0.9.8r-v83.6.6.20-darwin-ia32-11.3.0',
verbose bin dist   { shasum: '6be5da6f4c2d1f10826ba20b1d30549f4b4a8fd3',
verbose bin dist     tarball: 'http://registry.npmjs.org/nodo/-/nodo-0.1.9.tgz' } ]
verbose caching /Users/naiteluo/.npm/nodo/0.1.9/package/package.json
verbose loadDefaults nodo@0.1.9
silly resolved [ { name: 'nodo',
silly resolved     description: 'Command line todo app compatible with Wunderlist database.',
silly resolved     author: { name: 'Rogério Vicente', email: 'rogeriopvl@gmail.com' },
silly resolved     keywords: [ 'nodo', 'todo', 'wunderlist', 'cli' ],
silly resolved     maintainers: [ { name: 'Rogério Vicente', url: 'http://rogeriopvl.com' } ],
silly resolved     version: '0.1.9',
silly resolved     repository: { type: 'git', url: 'git://github.com/rogeriopvl/nodo.git' },
silly resolved     devDependencies: { nodeunit: '>=0.7.4' },
silly resolved     dependencies: { colors: '>=0.6.0', sqlite3: '>=2.1.3' },
silly resolved     directories: { lib: './lib', samples: './samples' },
silly resolved     bin: { nodo: './bin/nodo', 'nodo-install': './bin/nodo-install' },
silly resolved     scripts: { install: './bin/nodo-install' },
silly resolved     licenses: 
silly resolved      [ { type: 'MIT',
silly resolved          url: 'http://github.com/rogeriopvl/nodo/LICENSE' } ],
silly resolved     _id: 'nodo@0.1.9',
silly resolved     optionalDependencies: {},
silly resolved     engines: { node: '*' },
silly resolved     _engineSupported: true,
silly resolved     _npmVersion: '1.1.1',
silly resolved     _nodeVersion: 'v0.6.11',
silly resolved     _defaultsLoaded: true } ]
info into /usr/local/lib nodo@0.1.9
info installOne nodo@0.1.9
info unbuild /usr/local/lib/node_modules/nodo
verbose from cache /Users/naiteluo/.npm/nodo/0.1.9/package/package.json
verbose mkdir (expected) error ENOENT, no such file or directory '/usr/local/lib/node_modules/___nodo.npm'
verbose unpack_ uid, gid [ undefined, undefined ]
verbose unpackTarget /usr/local/lib/node_modules/nodo
ERR! Could not create /usr/local/lib/node_modules/___nodo.npm
ERR! error installing nodo@0.1.9
info unbuild /usr/local/lib/node_modules/nodo
verbose installOne cb nodo@0.1.9
ERR! Error: EACCES, permission denied '/usr/local/lib/node_modules/___nodo.npm'
ERR! 
ERR! Please try running this command again as root/Administrator.
ERR! 
ERR! System Darwin 11.3.0
ERR! command "node" "/usr/local/bin/npm" "-g" "install" "nodo"
ERR! cwd /Users/naiteluo/workspace/projects/OnChat
ERR! node -v v0.6.11
ERR! npm -v 1.1.1
ERR! path /usr/local/lib/node_modules/___nodo.npm
ERR! code EACCES
ERR! message EACCES, permission denied '/usr/local/lib/node_modules/___nodo.npm'
ERR! errno {}
verbose exit [ 1, true ]
